<?xml version="1.0" encoding="UTF-8"?>
<!-- Generated by org.testng.reporters.JUnitReportReporter -->
<testsuite hostname="DESKTOP-N3J19KC" failures="0" tests="2" name="TestNG.AnnotationTestNg_Prog1" time="0.010" errors="0" timestamp="2022-05-24T22:53:27 IST" skipped="0">
  <testcase classname="TestNG.AnnotationTestNg_Prog1" name="TC02" time="0.002"/>
  <system-out/>
  <testcase classname="TestNG.AnnotationTestNg_Prog1" name="TC01" time="0.008"/>
  <system-out/>
</testsuite> <!-- TestNG.AnnotationTestNg_Prog1 -->
